#
# There is insufficient memory for the Java Runtime Environment to continue.
# Native memory allocation (mmap) failed to map 130023424 bytes for G1 virtual space
# Possible reasons:
#   The system is out of physical RAM or swap space
#   The process is running with CompressedOops enabled, and the Java Heap may be blocking the growth of the native heap
# Possible solutions:
#   Reduce memory load on the system
#   Increase physical memory or swap space
#   Check if swap backing store is full
#   Decrease Java heap size (-Xmx/-Xms)
#   Decrease number of Java threads
#   Decrease Java thread stack sizes (-Xss)
#   Set larger code cache with -XX:ReservedCodeCacheSize=
#   JVM is running with Unscaled Compressed Oops mode in which the Java heap is
#     placed in the first 4GB address space. The Java Heap base address is the
#     maximum limit for the native heap growth. Please use -XX:HeapBaseMinAddress
#     to set the Java Heap base and to place the Java Heap above 4GB virtual address.
# This output file may be truncated or incomplete.
#
#  Out of Memory Error (os_windows.cpp:3600), pid=23256, tid=28484
#
# JRE version:  (21.0.2+13) (build )
# Java VM: Java HotSpot(TM) 64-Bit Server VM (21.0.2+13-LTS-58, mixed mode, sharing, tiered, compressed oops, compressed class ptrs, g1 gc, windows-amd64)
# No core dump will be written. Minidumps are not enabled by default on client versions of Windows
#

---------------  S U M M A R Y ------------

Command Line: -javaagent:C:\Program Files\JetBrains\IntelliJ IDEA 2024.1.4\lib\idea_rt.jar=54225:C:\Program Files\JetBrains\IntelliJ IDEA 2024.1.4\bin -Dfile.encoding=UTF-8 -Dsun.stdout.encoding=UTF-8 -Dsun.stderr.encoding=UTF-8 org.example.chat.server.Program

Host: 12th Gen Intel(R) Core(TM) i3-1215U, 8 cores, 7G,  Windows 11 , 64 bit Build 22621 (10.0.22621.3958)
Time: Mon Sep 16 18:20:16 2024  Windows 11 , 64 bit Build 22621 (10.0.22621.3958) elapsed time: 0.018812 seconds (0d 0h 0m 0s)

---------------  T H R E A D  ---------------

Current thread (0x000002e243e46920):  JavaThread "Unknown thread" [_thread_in_vm, id=28484, stack(0x000000f790100000,0x000000f790200000) (1024K)]

Stack: [0x000000f790100000,0x000000f790200000]
Native frames: (J=compiled Java code, j=interpreted, Vv=VM code, C=native code)
V  [jvm.dll+0x6cade9]
V  [jvm.dll+0x8569c1]
V  [jvm.dll+0x858d2e]
V  [jvm.dll+0x859413]
V  [jvm.dll+0x280e56]
V  [jvm.dll+0x6c74d5]
V  [jvm.dll+0x6bbeca]
V  [jvm.dll+0x355bca]
V  [jvm.dll+0x35d816]
V  [jvm.dll+0x3ae67e]
V  [jvm.dll+0x3ae928]
V  [jvm.dll+0x3295dc]
V  [jvm.dll+0x32a16b]
V  [jvm.dll+0x81efa9]
V  [jvm.dll+0x3bba01]
V  [jvm.dll+0x807928]
V  [jvm.dll+0x44f50e]
V  [jvm.dll+0x450e11]
C  [jli.dll+0x52a3]
C  [ucrtbase.dll+0x29333]
C  [KERNEL32.DLL+0x1257d]
C  [ntdll.dll+0x5af28]


---------------  P R O C E S S  ---------------

Threads class SMR info:
_java_thread_list=0x00007ffff1dabb88, length=0, elements={
}

Java Threads: ( => current thread )
Total: 0

Other Threads:
  0x000002e243b3d410 WorkerThread "GC Thread#0"                     [id=28500, stack(0x000000f790200000,0x000000f790300000) (1024K)]
  0x000002e243eae3e0 ConcurrentGCThread "G1 Main Marker"            [id=28388, stack(0x000000f790300000,0x000000f790400000) (1024K)]
  0x000002e243b3ccd0 WorkerThread "G1 Conc#0"                       [id=22976, stack(0x000000f790400000,0x000000f790500000) (1024K)]

[error occurred during error reporting (printing all threads), id 0xc0000005, EXCEPTION_ACCESS_VIOLATION (0xc0000005) at pc=0x00007ffff151c6a7]
VM state: not at safepoint (not fully initialized)

VM Mutex/Monitor currently owned by a thread:  ([mutex/lock_event])
[0x00007ffff1e1ce68] Heap_lock - owner thread: 0x000002e243e46920

Heap address: 0x0000000084400000, size: 1980 MB, Compressed Oops mode: 32-bit

CDS archive(s) mapped at: [0x0000000000000000-0x0000000000000000-0x0000000000000000), size 0, SharedBaseAddress: 0x0000000800000000, ArchiveRelocationMode: 1.
Narrow klass base: 0x0000000000000000, Narrow klass shift: 0, Narrow klass range: 0x0

GC Precious Log:
 CardTable entry size: 512
 Card Set container configuration: InlinePtr #cards 5 size 8 Array Of Cards #cards 12 size 40 Howl #buckets 4 coarsen threshold 1843 Howl Bitmap #cards 512 size 80 coarsen threshold 460 Card regions per heap region 1 cards per card region 2048

Heap:
 garbage-first heap   total 0K, used 0K [0x0000000084400000, 0x0000000100000000)
  region size 1024K, 0 young (0K), 0 survivors (0K)

[error occurred during error reporting (printing heap information), id 0xc0000005, EXCEPTION_ACCESS_VIOLATION (0xc0000005) at pc=0x00007ffff19039f9]
GC Heap History (0 events):
No events

Dll operation events (1 events):
Event: 0.012 Loaded shared library C:\Program Files\Java\jdk-21\bin\java.dll

Deoptimization events (0 events):
No events

Classes loaded (0 events):
No events

Classes unloaded (0 events):
No events

Classes redefined (0 events):
No events

Internal exceptions (0 events):
No events

ZGC Phase Switch (0 events):
No events

VM Operations (0 events):
No events

Events (0 events):
No events


Dynamic libraries:
0x00007ff758f30000 - 0x00007ff758f40000 	C:\Program Files\Java\jdk-21\bin\java.exe
0x00007ff88a290000 - 0x00007ff88a4a7000 	C:\Windows\SYSTEM32\ntdll.dll
0x00007ff8892d0000 - 0x00007ff889394000 	C:\Windows\System32\KERNEL32.DLL
0x00007ff8875b0000 - 0x00007ff88795d000 	C:\Windows\System32\KERNELBASE.dll
0x00007ff887960000 - 0x00007ff887a71000 	C:\Windows\System32\ucrtbase.dll
0x00007ff861e50000 - 0x00007ff861e69000 	C:\Program Files\Java\jdk-21\bin\jli.dll
0x00007ff859100000 - 0x00007ff85911b000 	C:\Program Files\Java\jdk-21\bin\VCRUNTIME140.dll
0x00007ff889070000 - 0x00007ff889122000 	C:\Windows\System32\ADVAPI32.dll
0x00007ff889400000 - 0x00007ff8894a7000 	C:\Windows\System32\msvcrt.dll
0x00007ff8899d0000 - 0x00007ff889a79000 	C:\Windows\System32\sechost.dll
0x00007ff887c60000 - 0x00007ff887c88000 	C:\Windows\System32\bcrypt.dll
0x00007ff887fc0000 - 0x00007ff8880d4000 	C:\Windows\System32\RPCRT4.dll
0x00007ff889bf0000 - 0x00007ff889d9e000 	C:\Windows\System32\USER32.dll
0x00007ff887f10000 - 0x00007ff887f36000 	C:\Windows\System32\win32u.dll
0x00007ff88a220000 - 0x00007ff88a249000 	C:\Windows\System32\GDI32.dll
0x00007ff887a80000 - 0x00007ff887b99000 	C:\Windows\System32\gdi32full.dll
0x00007ff85f470000 - 0x00007ff85f703000 	C:\Windows\WinSxS\amd64_microsoft.windows.common-controls_6595b64144ccf1df_6.0.22621.3672_none_2713b9d173822955\COMCTL32.dll
0x00007ff887e00000 - 0x00007ff887e9a000 	C:\Windows\System32\msvcp_win.dll
0x00007ff874bc0000 - 0x00007ff874bca000 	C:\Windows\SYSTEM32\VERSION.dll
0x00007ff889260000 - 0x00007ff889291000 	C:\Windows\System32\IMM32.DLL
0x00007ff867990000 - 0x00007ff86799c000 	C:\Program Files\Java\jdk-21\bin\vcruntime140_1.dll
0x00007ff856570000 - 0x00007ff8565fe000 	C:\Program Files\Java\jdk-21\bin\msvcp140.dll
0x00007ffff11e0000 - 0x00007ffff1ef7000 	C:\Program Files\Java\jdk-21\bin\server\jvm.dll
0x00007ff888c60000 - 0x00007ff888cd1000 	C:\Windows\System32\WS2_32.dll
0x00007ff887480000 - 0x00007ff8874cd000 	C:\Windows\SYSTEM32\POWRPROF.dll
0x00007ff87d3e0000 - 0x00007ff87d414000 	C:\Windows\SYSTEM32\WINMM.dll
0x00007ff887460000 - 0x00007ff887473000 	C:\Windows\SYSTEM32\UMPDC.dll
0x00007ff8865c0000 - 0x00007ff8865d8000 	C:\Windows\SYSTEM32\kernel.appcore.dll
0x00007ff867970000 - 0x00007ff86797a000 	C:\Program Files\Java\jdk-21\bin\jimage.dll
0x00007ff884a30000 - 0x00007ff884c62000 	C:\Windows\SYSTEM32\DBGHELP.DLL
0x00007ff888ce0000 - 0x00007ff88906e000 	C:\Windows\System32\combase.dll
0x00007ff8880e0000 - 0x00007ff8881b7000 	C:\Windows\System32\OLEAUT32.dll
0x00007ff867e60000 - 0x00007ff867e92000 	C:\Windows\SYSTEM32\dbgcore.DLL
0x00007ff887f40000 - 0x00007ff887fbb000 	C:\Windows\System32\bcryptPrimitives.dll
0x00007ff862ad0000 - 0x00007ff862adf000 	C:\Program Files\Java\jdk-21\bin\instrument.dll
0x00007ff853f80000 - 0x00007ff853f9f000 	C:\Program Files\Java\jdk-21\bin\java.dll

dbghelp: loaded successfully - version: 4.0.5 - missing functions: none
symbol engine: initialized successfully - sym options: 0x614 - pdb path: .;C:\Program Files\Java\jdk-21\bin;C:\Windows\SYSTEM32;C:\Windows\WinSxS\amd64_microsoft.windows.common-controls_6595b64144ccf1df_6.0.22621.3672_none_2713b9d173822955;C:\Program Files\Java\jdk-21\bin\server

VM Arguments:
jvm_args: -javaagent:C:\Program Files\JetBrains\IntelliJ IDEA 2024.1.4\lib\idea_rt.jar=54225:C:\Program Files\JetBrains\IntelliJ IDEA 2024.1.4\bin -Dfile.encoding=UTF-8 -Dsun.stdout.encoding=UTF-8 -Dsun.stderr.encoding=UTF-8 
java_command: org.example.chat.server.Program
java_class_path (initial): C:\GB\JavaJunior\Seminar5_Server_Client\chat-server\target\classes
Launcher Type: SUN_STANDARD

[Global flags]
     intx CICompilerCount                          = 4                                         {product} {ergonomic}
     uint ConcGCThreads                            = 2                                         {product} {ergonomic}
     uint G1ConcRefinementThreads                  = 8                                         {product} {ergonomic}
   size_t G1HeapRegionSize                         = 1048576                                   {product} {ergonomic}
    uintx GCDrainStackTargetSize                   = 64                                        {product} {ergonomic}
   size_t InitialHeapSize                          = 130023424                                 {product} {ergonomic}
   size_t MarkStackSize                            = 4194304                                   {product} {ergonomic}
   size_t MaxHeapSize                              = 2076180480                                {product} {ergonomic}
   size_t MinHeapDeltaBytes                        = 1048576                                   {product} {ergonomic}
   size_t MinHeapSize                              = 8388608                                   {product} {ergonomic}
    uintx NonNMethodCodeHeapSize                   = 5839372                                {pd product} {ergonomic}
    uintx NonProfiledCodeHeapSize                  = 122909434                              {pd product} {ergonomic}
    uintx ProfiledCodeHeapSize                     = 122909434                              {pd product} {ergonomic}
    uintx ReservedCodeCacheSize                    = 251658240                              {pd product} {ergonomic}
     bool SegmentedCodeCache                       = true                                      {product} {ergonomic}
   size_t SoftMaxHeapSize                          = 2076180480                             {manageable} {ergonomic}
     bool UseCompressedOops                        = true                           {product lp64_product} {ergonomic}
     bool UseG1GC                                  = true                                      {product} {ergonomic}
     bool UseLargePagesIndividualAllocation        = false                                  {pd product} {ergonomic}

Logging:
Log output configuration:
 #0: stdout all=warning uptime,level,tags foldmultilines=false
 #1: stderr all=off uptime,level,tags foldmultilines=false

Environment Variables:
PATH=C:\Program Files\Common Files\Oracle\Java\javapath;C:\Windows\system32;C:\Windows;C:\Windows\System32\Wbem;C:\Windows\System32\WindowsPowerShell\v1.0\;C:\Windows\System32\OpenSSH\;C:\Program Files\dotnet\;C:\Program Files\Git\cmd;C:\Program Files\MySQL\MySQL Shell 8.0\bin\;C:\Users\ִלטענטי\AppData\Local\Microsoft\WindowsApps;C:\Users\ִלטענטי\AppData\Local\Programs\Microsoft VS Code\bin;C:\Users\ִלטענטי\.dotnet\tools;C:\Program Files\Java\jdk-22\bin;
USERNAME=ִלטענטי
OS=Windows_NT
PROCESSOR_IDENTIFIER=Intel64 Family 6 Model 154 Stepping 4, GenuineIntel
TMP=C:\Users\AACE~1\AppData\Local\Temp
TEMP=C:\Users\AACE~1\AppData\Local\Temp




Periodic native trim disabled

---------------  S Y S T E M  ---------------

OS:
 Windows 11 , 64 bit Build 22621 (10.0.22621.3958)
OS uptime: 4 days 0:11 hours
Hyper-V role detected

CPU: total 8 (initial active 8) (4 cores per cpu, 2 threads per core) family 6 model 154 stepping 4 microcode 0x424, cx8, cmov, fxsr, ht, mmx, 3dnowpref, sse, sse2, sse3, ssse3, sse4.1, sse4.2, popcnt, lzcnt, tsc, tscinvbit, avx, avx2, aes, erms, clmul, bmi1, bmi2, adx, sha, fma, vzeroupper, clflush, clflushopt, clwb, hv, serialize, rdtscp, rdpid, fsrm, f16c, cet_ibt, cet_ss
Processor Information for processor 0
  Max Mhz: 1200, Current Mhz: 1200, Mhz Limit: 1200
Processor Information for processor 1
  Max Mhz: 1200, Current Mhz: 1200, Mhz Limit: 1200
Processor Information for processor 2
  Max Mhz: 1200, Current Mhz: 1200, Mhz Limit: 1200
Processor Information for processor 3
  Max Mhz: 1200, Current Mhz: 1200, Mhz Limit: 1200
Processor Information for processor 4
  Max Mhz: 900, Current Mhz: 900, Mhz Limit: 900
Processor Information for processor 5
  Max Mhz: 900, Current Mhz: 900, Mhz Limit: 900
Processor Information for processor 6
  Max Mhz: 900, Current Mhz: 900, Mhz Limit: 900
Processor Information for processor 7
  Max Mhz: 900, Current Mhz: 900, Mhz Limit: 900

Memory: 4k page, system-wide physical 7916M (945M free)
TotalPageFile size 26554M (AvailPageFile size 55M)
current process WorkingSet (physical memory assigned to process): 11M, peak: 11M
current process commit charge ("private bytes"): 60M, peak: 184M

vm_info: Java HotSpot(TM) 64-Bit Server VM (21.0.2+13-LTS-58) for windows-amd64 JRE (21.0.2+13-LTS-58), built on 2024-01-05T18:32:24Z by "mach5one" with MS VC++ 17.1 (VS2022)

END.
